GetraenkeApp/app/build/intermediates/manifest_merge_blame_file/debug/processDebugMainManifest/manifest-merger-blame-debug-report.txt
1<?xml version="1.0" encoding="utf-8"?>
2<manifest xmlns:android="http://schemas.android.com/apk/res/android"
3    package="com.club.getraenkeapp"
4    android:versionCode="1"
5    android:versionName="1.0" >
6
7    <uses-sdk
8        android:minSdkVersion="24"
9        android:targetSdkVersion="34" />
10
11    <!-- CRITICAL: Always-on screen requires WAKE_LOCK permission -->
12    <uses-permission android:name="android.permission.WAKE_LOCK" />
12-->src/main/AndroidManifest.xml:6:5-68
12-->src/main/AndroidManifest.xml:6:22-65
13
14    <!-- CRITICAL: File export requires WRITE_EXTERNAL_STORAGE on API < 29 -->
15    <uses-permission
15-->src/main/AndroidManifest.xml:9:5-10:38
16        android:name="android.permission.WRITE_EXTERNAL_STORAGE"
16-->src/main/AndroidManifest.xml:9:22-78
17        android:maxSdkVersion="28" />
17-->src/main/AndroidManifest.xml:10:9-35
18
19    <!-- Network state for email export functionality -->
20    <uses-permission android:name="android.permission.ACCESS_NETWORK_STATE" />
20-->src/main/AndroidManifest.xml:13:5-79
20-->src/main/AndroidManifest.xml:13:22-76
21
22    <!-- Internet permission for WebView local file access -->
23    <uses-permission android:name="android.permission.INTERNET" />
23-->src/main/AndroidManifest.xml:16:5-67
23-->src/main/AndroidManifest.xml:16:22-64
24    <uses-permission android:name="android.permission.RECEIVE_BOOT_COMPLETED" />
24-->[androidx.work:work-runtime:2.9.0] AndroidManifest.xml:25:5-81
24-->[androidx.work:work-runtime:2.9.0] AndroidManifest.xml:25:22-78
25    <uses-permission android:name="android.permission.FOREGROUND_SERVICE" />
25-->[androidx.work:work-runtime:2.9.0] AndroidManifest.xml:26:5-77
25-->[androidx.work:work-runtime:2.9.0] AndroidManifest.xml:26:22-74
26
27    <permission
27-->[androidx.core:core:1.13.0] AndroidManifest.xml:22:5-24:47
28        android:name="com.club.getraenkeapp.DYNAMIC_RECEIVER_NOT_EXPORTED_PERMISSION"
28-->[androidx.core:core:1.13.0] AndroidManifest.xml:23:9-81
29        android:protectionLevel="signature" />
29-->[androidx.core:core:1.13.0] AndroidManifest.xml:24:9-44
30
31    <uses-permission android:name="com.club.getraenkeapp.DYNAMIC_RECEIVER_NOT_EXPORTED_PERMISSION" />
31-->[androidx.core:core:1.13.0] AndroidManifest.xml:26:5-97
31-->[androidx.core:core:1.13.0] AndroidManifest.xml:26:22-94
32
33    <application
33-->src/main/AndroidManifest.xml:18:5-121:19
34        android:name="com.club.getraenkeapp.GetraenkeApplication"
34-->src/main/AndroidManifest.xml:19:9-45
35        android:allowBackup="true"
35-->src/main/AndroidManifest.xml:20:9-35
36        android:appComponentFactory="androidx.core.app.CoreComponentFactory"
36-->[androidx.core:core:1.13.0] AndroidManifest.xml:28:18-86
37        android:dataExtractionRules="@xml/data_extraction_rules"
37-->src/main/AndroidManifest.xml:21:9-65
38        android:debuggable="true"
39        android:extractNativeLibs="false"
40        android:fullBackupContent="@xml/backup_rules"
40-->src/main/AndroidManifest.xml:22:9-54
41        android:icon="@mipmap/ic_launcher"
41-->src/main/AndroidManifest.xml:23:9-43
42        android:label="@string/app_name"
42-->src/main/AndroidManifest.xml:24:9-41
43        android:roundIcon="@mipmap/ic_launcher_round"
43-->src/main/AndroidManifest.xml:25:9-54
44        android:supportsRtl="true"
44-->src/main/AndroidManifest.xml:26:9-35
45        android:theme="@style/Theme.GetraenkeApp" >
45-->src/main/AndroidManifest.xml:27:9-50
46
47        <!-- File Provider for sharing exports -->
48        <provider
49            android:name="androidx.core.content.FileProvider"
49-->src/main/AndroidManifest.xml:32:13-62
50            android:authorities="com.club.getraenkeapp.fileprovider"
50-->src/main/AndroidManifest.xml:33:13-64
51            android:exported="false"
51-->src/main/AndroidManifest.xml:34:13-37
52            android:grantUriPermissions="true" >
52-->src/main/AndroidManifest.xml:35:13-47
53            <meta-data
53-->src/main/AndroidManifest.xml:36:13-38:54
54                android:name="android.support.FILE_PROVIDER_PATHS"
54-->src/main/AndroidManifest.xml:37:17-67
55                android:resource="@xml/file_paths" />
55-->src/main/AndroidManifest.xml:38:17-51
56        </provider>
57
58        <!-- WebView Activity - React Frontend Integration -->
59        <activity
59-->src/main/AndroidManifest.xml:42:9-51:20
60            android:name="com.club.getraenkeapp.ui.webview.WebViewActivity"
60-->src/main/AndroidManifest.xml:43:13-55
61            android:exported="true"
61-->src/main/AndroidManifest.xml:44:13-36
62            android:screenOrientation="unspecified"
62-->src/main/AndroidManifest.xml:45:13-52
63            android:theme="@style/Theme.GetraenkeApp.NoActionBar" >
63-->src/main/AndroidManifest.xml:46:13-66
64            <intent-filter>
64-->src/main/AndroidManifest.xml:47:13-50:29
65                <action android:name="android.intent.action.MAIN" />
65-->src/main/AndroidManifest.xml:48:17-69
65-->src/main/AndroidManifest.xml:48:25-66
66
67                <category android:name="android.intent.category.LAUNCHER" />
67-->src/main/AndroidManifest.xml:49:17-77
67-->src/main/AndroidManifest.xml:49:27-74
68            </intent-filter>
69        </activity>
70
71        <!-- Main Activity - Member Name Grid (Legacy) -->
72        <activity
72-->src/main/AndroidManifest.xml:54:9-58:69
73            android:name="com.club.getraenkeapp.ui.main.MainActivity"
73-->src/main/AndroidManifest.xml:55:13-49
74            android:exported="false"
74-->src/main/AndroidManifest.xml:56:13-37
75            android:screenOrientation="unspecified"
75-->src/main/AndroidManifest.xml:57:13-52
76            android:theme="@style/Theme.GetraenkeApp.NoActionBar" />
76-->src/main/AndroidManifest.xml:58:13-66
77
78        <!-- Beverage Selection Activity -->
79        <activity
79-->src/main/AndroidManifest.xml:61:9-65:57
80            android:name="com.club.getraenkeapp.ui.beverage.BeverageActivity"
80-->src/main/AndroidManifest.xml:62:13-57
81            android:exported="false"
81-->src/main/AndroidManifest.xml:63:13-37
82            android:screenOrientation="unspecified"
82-->src/main/AndroidManifest.xml:64:13-52
83            android:theme="@style/Theme.GetraenkeApp" />
83-->src/main/AndroidManifest.xml:65:13-54
84
85        <!-- Quantity Confirmation Activity -->
86        <activity
86-->src/main/AndroidManifest.xml:68:9-72:57
87            android:name="com.club.getraenkeapp.ui.quantity.QuantityActivity"
87-->src/main/AndroidManifest.xml:69:13-57
88            android:exported="false"
88-->src/main/AndroidManifest.xml:70:13-37
89            android:screenOrientation="unspecified"
89-->src/main/AndroidManifest.xml:71:13-52
90            android:theme="@style/Theme.GetraenkeApp" />
90-->src/main/AndroidManifest.xml:72:13-54
91
92        <!-- Admin Panel Activity -->
93        <activity
93-->src/main/AndroidManifest.xml:75:9-79:57
94            android:name="com.club.getraenkeapp.ui.admin.AdminActivity"
94-->src/main/AndroidManifest.xml:76:13-51
95            android:exported="false"
95-->src/main/AndroidManifest.xml:77:13-37
96            android:screenOrientation="unspecified"
96-->src/main/AndroidManifest.xml:78:13-52
97            android:theme="@style/Theme.GetraenkeApp" />
97-->src/main/AndroidManifest.xml:79:13-54
98
99        <!-- Member Management Activity -->
100        <activity
100-->src/main/AndroidManifest.xml:82:9-86:57
101            android:name="com.club.getraenkeapp.ui.admin.MemberManagementActivity"
101-->src/main/AndroidManifest.xml:83:13-62
102            android:exported="false"
102-->src/main/AndroidManifest.xml:84:13-37
103            android:screenOrientation="unspecified"
103-->src/main/AndroidManifest.xml:85:13-52
104            android:theme="@style/Theme.GetraenkeApp" />
104-->src/main/AndroidManifest.xml:86:13-54
105
106        <!-- Beverage Management Activity -->
107        <activity
107-->src/main/AndroidManifest.xml:89:9-93:57
108            android:name="com.club.getraenkeapp.ui.admin.BeverageManagementActivity"
108-->src/main/AndroidManifest.xml:90:13-64
109            android:exported="false"
109-->src/main/AndroidManifest.xml:91:13-37
110            android:screenOrientation="unspecified"
110-->src/main/AndroidManifest.xml:92:13-52
111            android:theme="@style/Theme.GetraenkeApp" />
111-->src/main/AndroidManifest.xml:93:13-54
112
113        <!-- Export Configuration Activity -->
114        <activity
114-->src/main/AndroidManifest.xml:96:9-100:57
115            android:name="com.club.getraenkeapp.ui.admin.ExportConfigurationActivity"
115-->src/main/AndroidManifest.xml:97:13-65
116            android:exported="false"
116-->src/main/AndroidManifest.xml:98:13-37
117            android:screenOrientation="unspecified"
117-->src/main/AndroidManifest.xml:99:13-52
118            android:theme="@style/Theme.GetraenkeApp" />
118-->src/main/AndroidManifest.xml:100:13-54
119
120        <!-- User Statistics Activity -->
121        <activity
121-->src/main/AndroidManifest.xml:103:9-107:57
122            android:name="com.club.getraenkeapp.ui.statistics.UserStatisticsActivity"
122-->src/main/AndroidManifest.xml:104:13-65
123            android:exported="false"
123-->src/main/AndroidManifest.xml:105:13-37
124            android:screenOrientation="unspecified"
124-->src/main/AndroidManifest.xml:106:13-52
125            android:theme="@style/Theme.GetraenkeApp" />
125-->src/main/AndroidManifest.xml:107:13-54
126
127        <!-- Consumption Overview Activity -->
128        <activity
128-->src/main/AndroidManifest.xml:110:9-114:57
129            android:name="com.club.getraenkeapp.ui.overview.ConsumptionOverviewActivity"
129-->src/main/AndroidManifest.xml:111:13-68
130            android:exported="false"
130-->src/main/AndroidManifest.xml:112:13-37
131            android:screenOrientation="unspecified"
131-->src/main/AndroidManifest.xml:113:13-52
132            android:theme="@style/Theme.GetraenkeApp" />
132-->src/main/AndroidManifest.xml:114:13-54
133
134        <!-- Auto Backup Service -->
135        <service
135-->src/main/AndroidManifest.xml:117:9-119:40
136            android:name="com.club.getraenkeapp.service.AutoBackupService"
136-->src/main/AndroidManifest.xml:118:13-54
137            android:exported="false" />
137-->src/main/AndroidManifest.xml:119:13-37
138        <service
138-->[androidx.room:room-runtime:2.6.1] AndroidManifest.xml:24:9-28:63
139            android:name="androidx.room.MultiInstanceInvalidationService"
139-->[androidx.room:room-runtime:2.6.1] AndroidManifest.xml:25:13-74
140            android:directBootAware="true"
140-->[androidx.room:room-runtime:2.6.1] AndroidManifest.xml:26:13-43
141            android:exported="false" />
141-->[androidx.room:room-runtime:2.6.1] AndroidManifest.xml:27:13-37
142
143        <provider
143-->[androidx.work:work-runtime:2.9.0] AndroidManifest.xml:29:9-37:20
144            android:name="androidx.startup.InitializationProvider"
144-->[androidx.work:work-runtime:2.9.0] AndroidManifest.xml:30:13-67
145            android:authorities="com.club.getraenkeapp.androidx-startup"
145-->[androidx.work:work-runtime:2.9.0] AndroidManifest.xml:31:13-68
146            android:exported="false" >
146-->[androidx.work:work-runtime:2.9.0] AndroidManifest.xml:32:13-37
147            <meta-data
147-->[androidx.work:work-runtime:2.9.0] AndroidManifest.xml:34:13-36:52
148                android:name="androidx.work.WorkManagerInitializer"
148-->[androidx.work:work-runtime:2.9.0] AndroidManifest.xml:35:17-68
149                android:value="androidx.startup" />
149-->[androidx.work:work-runtime:2.9.0] AndroidManifest.xml:36:17-49
150            <meta-data
150-->[androidx.emoji2:emoji2:1.2.0] AndroidManifest.xml:29:13-31:52
151                android:name="androidx.emoji2.text.EmojiCompatInitializer"
151-->[androidx.emoji2:emoji2:1.2.0] AndroidManifest.xml:30:17-75
152                android:value="androidx.startup" />
152-->[androidx.emoji2:emoji2:1.2.0] AndroidManifest.xml:31:17-49
153            <meta-data
153-->[androidx.lifecycle:lifecycle-process:2.8.0] AndroidManifest.xml:29:13-31:52
154                android:name="androidx.lifecycle.ProcessLifecycleInitializer"
154-->[androidx.lifecycle:lifecycle-process:2.8.0] AndroidManifest.xml:30:17-78
155                android:value="androidx.startup" />
155-->[androidx.lifecycle:lifecycle-process:2.8.0] AndroidManifest.xml:31:17-49
156            <meta-data
156-->[androidx.profileinstaller:profileinstaller:1.3.1] AndroidManifest.xml:29:13-31:52
157                android:name="androidx.profileinstaller.ProfileInstallerInitializer"
157-->[androidx.profileinstaller:profileinstaller:1.3.1] AndroidManifest.xml:30:17-85
158                android:value="androidx.startup" />
158-->[androidx.profileinstaller:profileinstaller:1.3.1] AndroidManifest.xml:31:17-49
159        </provider>
160
161        <service
161-->[androidx.work:work-runtime:2.9.0] AndroidManifest.xml:39:9-45:35
162            android:name="androidx.work.impl.background.systemalarm.SystemAlarmService"
162-->[androidx.work:work-runtime:2.9.0] AndroidManifest.xml:40:13-88
163            android:directBootAware="false"
163-->[androidx.work:work-runtime:2.9.0] AndroidManifest.xml:41:13-44
164            android:enabled="@bool/enable_system_alarm_service_default"
164-->[androidx.work:work-runtime:2.9.0] AndroidManifest.xml:42:13-72
165            android:exported="false" />
165-->[androidx.work:work-runtime:2.9.0] AndroidManifest.xml:43:13-37
166        <service
166-->[androidx.work:work-runtime:2.9.0] AndroidManifest.xml:46:9-52:35
167            android:name="androidx.work.impl.background.systemjob.SystemJobService"
167-->[androidx.work:work-runtime:2.9.0] AndroidManifest.xml:47:13-84
168            android:directBootAware="false"
168-->[androidx.work:work-runtime:2.9.0] AndroidManifest.xml:48:13-44
169            android:enabled="@bool/enable_system_job_service_default"
169-->[androidx.work:work-runtime:2.9.0] AndroidManifest.xml:49:13-70
170            android:exported="true"
170-->[androidx.work:work-runtime:2.9.0] AndroidManifest.xml:50:13-36
171            android:permission="android.permission.BIND_JOB_SERVICE" />
171-->[androidx.work:work-runtime:2.9.0] AndroidManifest.xml:51:13-69
172        <service
172-->[androidx.work:work-runtime:2.9.0] AndroidManifest.xml:53:9-59:35
173            android:name="androidx.work.impl.foreground.SystemForegroundService"
173-->[androidx.work:work-runtime:2.9.0] AndroidManifest.xml:54:13-81
174            android:directBootAware="false"
174-->[androidx.work:work-runtime:2.9.0] AndroidManifest.xml:55:13-44
175            android:enabled="@bool/enable_system_foreground_service_default"
175-->[androidx.work:work-runtime:2.9.0] AndroidManifest.xml:56:13-77
176            android:exported="false" />
176-->[androidx.work:work-runtime:2.9.0] AndroidManifest.xml:57:13-37
177
178        <receiver
178-->[androidx.work:work-runtime:2.9.0] AndroidManifest.xml:61:9-66:35
179            android:name="androidx.work.impl.utils.ForceStopRunnable$BroadcastReceiver"
179-->[androidx.work:work-runtime:2.9.0] AndroidManifest.xml:62:13-88
180            android:directBootAware="false"
180-->[androidx.work:work-runtime:2.9.0] AndroidManifest.xml:63:13-44
181            android:enabled="true"
181-->[androidx.work:work-runtime:2.9.0] AndroidManifest.xml:64:13-35
182            android:exported="false" />
182-->[androidx.work:work-runtime:2.9.0] AndroidManifest.xml:65:13-37
183        <receiver
183-->[androidx.work:work-runtime:2.9.0] AndroidManifest.xml:67:9-77:20
184            android:name="androidx.work.impl.background.systemalarm.ConstraintProxy$BatteryChargingProxy"
184-->[androidx.work:work-runtime:2.9.0] AndroidManifest.xml:68:13-106
185            android:directBootAware="false"
185-->[androidx.work:work-runtime:2.9.0] AndroidManifest.xml:69:13-44
186            android:enabled="false"
186-->[androidx.work:work-runtime:2.9.0] AndroidManifest.xml:70:13-36
187            android:exported="false" >
187-->[androidx.work:work-runtime:2.9.0] AndroidManifest.xml:71:13-37
188            <intent-filter>
188-->[androidx.work:work-runtime:2.9.0] AndroidManifest.xml:73:13-76:29
189                <action android:name="android.intent.action.ACTION_POWER_CONNECTED" />
189-->[androidx.work:work-runtime:2.9.0] AndroidManifest.xml:74:17-87
189-->[androidx.work:work-runtime:2.9.0] AndroidManifest.xml:74:25-84
190                <action android:name="android.intent.action.ACTION_POWER_DISCONNECTED" />
190-->[androidx.work:work-runtime:2.9.0] AndroidManifest.xml:75:17-90
190-->[androidx.work:work-runtime:2.9.0] AndroidManifest.xml:75:25-87
191            </intent-filter>
192        </receiver>
193        <receiver
193-->[androidx.work:work-runtime:2.9.0] AndroidManifest.xml:78:9-88:20
194            android:name="androidx.work.impl.background.systemalarm.ConstraintProxy$BatteryNotLowProxy"
194-->[androidx.work:work-runtime:2.9.0] AndroidManifest.xml:79:13-104
195            android:directBootAware="false"
195-->[androidx.work:work-runtime:2.9.0] AndroidManifest.xml:80:13-44
196            android:enabled="false"
196-->[androidx.work:work-runtime:2.9.0] AndroidManifest.xml:81:13-36
197            android:exported="false" >
197-->[androidx.work:work-runtime:2.9.0] AndroidManifest.xml:82:13-37
198            <intent-filter>
198-->[androidx.work:work-runtime:2.9.0] AndroidManifest.xml:84:13-87:29
199                <action android:name="android.intent.action.BATTERY_OKAY" />
199-->[androidx.work:work-runtime:2.9.0] AndroidManifest.xml:85:17-77
199-->[androidx.work:work-runtime:2.9.0] AndroidManifest.xml:85:25-74
200                <action android:name="android.intent.action.BATTERY_LOW" />
200-->[androidx.work:work-runtime:2.9.0] AndroidManifest.xml:86:17-76
200-->[androidx.work:work-runtime:2.9.0] AndroidManifest.xml:86:25-73
201            </intent-filter>
202        </receiver>
203        <receiver
203-->[androidx.work:work-runtime:2.9.0] AndroidManifest.xml:89:9-99:20
204            android:name="androidx.work.impl.background.systemalarm.ConstraintProxy$StorageNotLowProxy"
204-->[androidx.work:work-runtime:2.9.0] AndroidManifest.xml:90:13-104
205            android:directBootAware="false"
205-->[androidx.work:work-runtime:2.9.0] AndroidManifest.xml:91:13-44
206            android:enabled="false"
206-->[androidx.work:work-runtime:2.9.0] AndroidManifest.xml:92:13-36
207            android:exported="false" >
207-->[androidx.work:work-runtime:2.9.0] AndroidManifest.xml:93:13-37
208            <intent-filter>
208-->[androidx.work:work-runtime:2.9.0] AndroidManifest.xml:95:13-98:29
209                <action android:name="android.intent.action.DEVICE_STORAGE_LOW" />
209-->[androidx.work:work-runtime:2.9.0] AndroidManifest.xml:96:17-83
209-->[androidx.work:work-runtime:2.9.0] AndroidManifest.xml:96:25-80
210                <action android:name="android.intent.action.DEVICE_STORAGE_OK" />
210-->[androidx.work:work-runtime:2.9.0] AndroidManifest.xml:97:17-82
210-->[androidx.work:work-runtime:2.9.0] AndroidManifest.xml:97:25-79
211            </intent-filter>
212        </receiver>
213        <receiver
213-->[androidx.work:work-runtime:2.9.0] AndroidManifest.xml:100:9-109:20
214            android:name="androidx.work.impl.background.systemalarm.ConstraintProxy$NetworkStateProxy"
214-->[androidx.work:work-runtime:2.9.0] AndroidManifest.xml:101:13-103
215            android:directBootAware="false"
215-->[androidx.work:work-runtime:2.9.0] AndroidManifest.xml:102:13-44
216            android:enabled="false"
216-->[androidx.work:work-runtime:2.9.0] AndroidManifest.xml:103:13-36
217            android:exported="false" >
217-->[androidx.work:work-runtime:2.9.0] AndroidManifest.xml:104:13-37
218            <intent-filter>
218-->[androidx.work:work-runtime:2.9.0] AndroidManifest.xml:106:13-108:29
219                <action android:name="android.net.conn.CONNECTIVITY_CHANGE" />
219-->[androidx.work:work-runtime:2.9.0] AndroidManifest.xml:107:17-79
219-->[androidx.work:work-runtime:2.9.0] AndroidManifest.xml:107:25-76
220            </intent-filter>
221        </receiver>
222        <receiver
222-->[androidx.work:work-runtime:2.9.0] AndroidManifest.xml:110:9-121:20
223            android:name="androidx.work.impl.background.systemalarm.RescheduleReceiver"
223-->[androidx.work:work-runtime:2.9.0] AndroidManifest.xml:111:13-88
224            android:directBootAware="false"
224-->[androidx.work:work-runtime:2.9.0] AndroidManifest.xml:112:13-44
225            android:enabled="false"
225-->[androidx.work:work-runtime:2.9.0] AndroidManifest.xml:113:13-36
226            android:exported="false" >
226-->[androidx.work:work-runtime:2.9.0] AndroidManifest.xml:114:13-37
227            <intent-filter>
227-->[androidx.work:work-runtime:2.9.0] AndroidManifest.xml:116:13-120:29
228                <action android:name="android.intent.action.BOOT_COMPLETED" />
228-->[androidx.work:work-runtime:2.9.0] AndroidManifest.xml:117:17-79
228-->[androidx.work:work-runtime:2.9.0] AndroidManifest.xml:117:25-76
229                <action android:name="android.intent.action.TIME_SET" />
229-->[androidx.work:work-runtime:2.9.0] AndroidManifest.xml:118:17-73
229-->[androidx.work:work-runtime:2.9.0] AndroidManifest.xml:118:25-70
230                <action android:name="android.intent.action.TIMEZONE_CHANGED" />
230-->[androidx.work:work-runtime:2.9.0] AndroidManifest.xml:119:17-81
230-->[androidx.work:work-runtime:2.9.0] AndroidManifest.xml:119:25-78
231            </intent-filter>
232        </receiver>
233        <receiver
233-->[androidx.work:work-runtime:2.9.0] AndroidManifest.xml:122:9-131:20
234            android:name="androidx.work.impl.background.systemalarm.ConstraintProxyUpdateReceiver"
234-->[androidx.work:work-runtime:2.9.0] AndroidManifest.xml:123:13-99
235            android:directBootAware="false"
235-->[androidx.work:work-runtime:2.9.0] AndroidManifest.xml:124:13-44
236            android:enabled="@bool/enable_system_alarm_service_default"
236-->[androidx.work:work-runtime:2.9.0] AndroidManifest.xml:125:13-72
237            android:exported="false" >
237-->[androidx.work:work-runtime:2.9.0] AndroidManifest.xml:126:13-37
238            <intent-filter>
238-->[androidx.work:work-runtime:2.9.0] AndroidManifest.xml:128:13-130:29
239                <action android:name="androidx.work.impl.background.systemalarm.UpdateProxies" />
239-->[androidx.work:work-runtime:2.9.0] AndroidManifest.xml:129:17-98
239-->[androidx.work:work-runtime:2.9.0] AndroidManifest.xml:129:25-95
240            </intent-filter>
241        </receiver>
242        <receiver
242-->[androidx.work:work-runtime:2.9.0] AndroidManifest.xml:132:9-142:20
243            android:name="androidx.work.impl.diagnostics.DiagnosticsReceiver"
243-->[androidx.work:work-runtime:2.9.0] AndroidManifest.xml:133:13-78
244            android:directBootAware="false"
244-->[androidx.work:work-runtime:2.9.0] AndroidManifest.xml:134:13-44
245            android:enabled="true"
245-->[androidx.work:work-runtime:2.9.0] AndroidManifest.xml:135:13-35
246            android:exported="true"
246-->[androidx.work:work-runtime:2.9.0] AndroidManifest.xml:136:13-36
247            android:permission="android.permission.DUMP" >
247-->[androidx.work:work-runtime:2.9.0] AndroidManifest.xml:137:13-57
248            <intent-filter>
248-->[androidx.work:work-runtime:2.9.0] AndroidManifest.xml:139:13-141:29
249                <action android:name="androidx.work.diagnostics.REQUEST_DIAGNOSTICS" />
249-->[androidx.work:work-runtime:2.9.0] AndroidManifest.xml:140:17-88
249-->[androidx.work:work-runtime:2.9.0] AndroidManifest.xml:140:25-85
250            </intent-filter>
251        </receiver>
252        <receiver
252-->[androidx.profileinstaller:profileinstaller:1.3.1] AndroidManifest.xml:34:9-52:20
253            android:name="androidx.profileinstaller.ProfileInstallReceiver"
253-->[androidx.profileinstaller:profileinstaller:1.3.1] AndroidManifest.xml:35:13-76
254            android:directBootAware="false"
254-->[androidx.profileinstaller:profileinstaller:1.3.1] AndroidManifest.xml:36:13-44
255            android:enabled="true"
255-->[androidx.profileinstaller:profileinstaller:1.3.1] AndroidManifest.xml:37:13-35
256            android:exported="true"
256-->[androidx.profileinstaller:profileinstaller:1.3.1] AndroidManifest.xml:38:13-36
257            android:permission="android.permission.DUMP" >
257-->[androidx.profileinstaller:profileinstaller:1.3.1] AndroidManifest.xml:39:13-57
258            <intent-filter>
258-->[androidx.profileinstaller:profileinstaller:1.3.1] AndroidManifest.xml:40:13-42:29
259                <action android:name="androidx.profileinstaller.action.INSTALL_PROFILE" />
259-->[androidx.profileinstaller:profileinstaller:1.3.1] AndroidManifest.xml:41:17-91
259-->[androidx.profileinstaller:profileinstaller:1.3.1] AndroidManifest.xml:41:25-88
260            </intent-filter>
261            <intent-filter>
261-->[androidx.profileinstaller:profileinstaller:1.3.1] AndroidManifest.xml:43:13-45:29
262                <action android:name="androidx.profileinstaller.action.SKIP_FILE" />
262-->[androidx.profileinstaller:profileinstaller:1.3.1] AndroidManifest.xml:44:17-85
262-->[androidx.profileinstaller:profileinstaller:1.3.1] AndroidManifest.xml:44:25-82
263            </intent-filter>
264            <intent-filter>
264-->[androidx.profileinstaller:profileinstaller:1.3.1] AndroidManifest.xml:46:13-48:29
265                <action android:name="androidx.profileinstaller.action.SAVE_PROFILE" />
265-->[androidx.profileinstaller:profileinstaller:1.3.1] AndroidManifest.xml:47:17-88
265-->[androidx.profileinstaller:profileinstaller:1.3.1] AndroidManifest.xml:47:25-85
266            </intent-filter>
267            <intent-filter>
267-->[androidx.profileinstaller:profileinstaller:1.3.1] AndroidManifest.xml:49:13-51:29
268                <action android:name="androidx.profileinstaller.action.BENCHMARK_OPERATION" />
268-->[androidx.profileinstaller:profileinstaller:1.3.1] AndroidManifest.xml:50:17-95
268-->[androidx.profileinstaller:profileinstaller:1.3.1] AndroidManifest.xml:50:25-92
269            </intent-filter>
270        </receiver>
271    </application>
272
273</manifest>